{"numFailedTestSuites":0,"numFailedTests":0,"numPassedTestSuites":6,"numPassedTests":15,"numPendingTestSuites":0,"numPendingTests":0,"numRuntimeErrorTestSuites":0,"numTodoTests":0,"numTotalTestSuites":6,"numTotalTests":15,"openHandles":[],"snapshot":{"added":0,"didUpdate":false,"failure":false,"filesAdded":0,"filesRemoved":0,"filesUnmatched":0,"filesUpdated":0,"matched":4,"total":4,"unchecked":0,"uncheckedKeysByFile":[],"unmatched":0,"updated":0},"startTime":1567045329705,"success":true,"testResults":[{"assertionResults":[{"ancestorTitles":["SentryBoundary"],"failureMessages":[],"fullName":"SentryBoundary renders","location":null,"status":"passed","title":"renders"},{"ancestorTitles":["SentryBoundary"],"failureMessages":[],"fullName":"SentryBoundary componentDidCatch","location":null,"status":"passed","title":"componentDidCatch"},{"ancestorTitles":["SentryBoundary"],"failureMessages":[],"fullName":"SentryBoundary componentDidCatch Raven","location":null,"status":"passed","title":"componentDidCatch Raven"},{"ancestorTitles":["SentryBoundary"],"failureMessages":[],"fullName":"SentryBoundary #error","location":null,"status":"passed","title":"#error"},{"ancestorTitles":["SentryBoundary"],"failureMessages":[],"fullName":"SentryBoundary #error reload","location":null,"status":"passed","title":"#error reload"},{"ancestorTitles":["SentryBoundary"],"failureMessages":[],"fullName":"SentryBoundary #error Raven","location":null,"status":"passed","title":"#error Raven"},{"ancestorTitles":["SentryBoundary"],"failureMessages":[],"fullName":"SentryBoundary #error Raven report","location":null,"status":"passed","title":"#error Raven report"}],"endTime":1567045332552,"message":"","name":"/home/travis/build/thibaudcolas/draftail-tables/src/demo/components/SentryBoundary.test.js","startTime":1567045330234,"status":"passed","summary":""},{"assertionResults":[{"ancestorTitles":["DraftUtils","#addLineBreak"],"failureMessages":[],"fullName":"DraftUtils #addLineBreak works, collapsed","location":null,"status":"passed","title":"works, collapsed"},{"ancestorTitles":["DraftUtils","#addLineBreak"],"failureMessages":[],"fullName":"DraftUtils #addLineBreak works, non-collapsed","location":null,"status":"passed","title":"works, non-collapsed"}],"endTime":1567045332997,"message":"","name":"/home/travis/build/thibaudcolas/draftail-tables/src/demo/utils/DraftUtils.test.js","startTime":1567045332572,"status":"passed","summary":""},{"assertionResults":[{"ancestorTitles":["Highlight"],"failureMessages":[],"fullName":"Highlight renders","location":null,"status":"passed","title":"renders"},{"ancestorTitles":["Highlight"],"failureMessages":[],"fullName":"Highlight onCopy","location":null,"status":"passed","title":"onCopy"}],"endTime":1567045333269,"message":"","name":"/home/travis/build/thibaudcolas/draftail-tables/src/demo/components/Highlight.test.js","startTime":1567045333010,"status":"passed","summary":""},{"assertionResults":[{"ancestorTitles":["demo"],"failureMessages":[],"fullName":"demo mount","location":null,"status":"passed","title":"mount"},{"ancestorTitles":["demo"],"failureMessages":[],"fullName":"demo no mount","location":null,"status":"passed","title":"no mount"}],"endTime":1567045334007,"message":"","name":"/home/travis/build/thibaudcolas/draftail-tables/src/index.test.js","startTime":1567045333281,"status":"passed","summary":""},{"assertionResults":[{"ancestorTitles":["draftail-tables"],"failureMessages":[],"fullName":"draftail-tables createTablesPlugin","location":null,"status":"passed","title":"createTablesPlugin"}],"endTime":1567045334278,"message":"","name":"/home/travis/build/thibaudcolas/draftail-tables/src/lib/index.test.js","startTime":1567045334027,"status":"passed","summary":""},{"assertionResults":[{"ancestorTitles":["App"],"failureMessages":[],"fullName":"App renders","location":null,"status":"passed","title":"renders"}],"endTime":1567045334465,"message":"","name":"/home/travis/build/thibaudcolas/draftail-tables/src/demo/components/App.test.js","startTime":1567045334289,"status":"passed","summary":""}],"wasInterrupted":false,"coverageMap":{"/home/travis/build/thibaudcolas/draftail-tables/src/demo/components/SentryBoundary.js":{"path":"/home/travis/build/thibaudcolas/draftail-tables/src/demo/components/SentryBoundary.js","statementMap":{"0":{"start":{"line":15,"column":4},"end":{"line":15,"column":17}},"1":{"start":{"line":16,"column":4},"end":{"line":16,"column":33}},"2":{"start":{"line":20,"column":29},"end":{"line":20,"column":43}},"3":{"start":{"line":21,"column":4},"end":{"line":21,"column":29}},"4":{"start":{"line":23,"column":4},"end":{"line":25,"column":5}},"5":{"start":{"line":24,"column":6},"end":{"line":24,"column":65}},"6":{"start":{"line":29,"column":25},"end":{"line":29,"column":35}},"7":{"start":{"line":30,"column":22},"end":{"line":30,"column":32}},"8":{"start":{"line":31,"column":29},"end":{"line":31,"column":43}},"9":{"start":{"line":33,"column":4},"end":{"line":81,"column":6}},"10":{"start":{"line":49,"column":22},"end":{"line":50,"column":53}},"11":{"start":{"line":70,"column":33},"end":{"line":70,"column":62}}},"fnMap":{"0":{"name":"(anonymous_0)","decl":{"start":{"line":14,"column":2},"end":{"line":14,"column":3}},"loc":{"start":{"line":14,"column":28},"end":{"line":17,"column":3}},"line":14},"1":{"name":"(anonymous_1)","decl":{"start":{"line":19,"column":2},"end":{"line":19,"column":3}},"loc":{"start":{"line":19,"column":73},"end":{"line":26,"column":3}},"line":19},"2":{"name":"(anonymous_2)","decl":{"start":{"line":28,"column":2},"end":{"line":28,"column":3}},"loc":{"start":{"line":28,"column":11},"end":{"line":82,"column":3}},"line":28},"3":{"name":"(anonymous_3)","decl":{"start":{"line":48,"column":29},"end":{"line":48,"column":30}},"loc":{"start":{"line":49,"column":22},"end":{"line":50,"column":53}},"line":49},"4":{"name":"(anonymous_4)","decl":{"start":{"line":70,"column":27},"end":{"line":70,"column":28}},"loc":{"start":{"line":70,"column":33},"end":{"line":70,"column":62}},"line":70}},"branchMap":{"0":{"loc":{"start":{"line":23,"column":4},"end":{"line":25,"column":5}},"type":"if","locations":[{"start":{"line":23,"column":4},"end":{"line":25,"column":5}},{"start":{"line":23,"column":4},"end":{"line":25,"column":5}}],"line":23},"1":{"loc":{"start":{"line":33,"column":11},"end":{"line":81,"column":5}},"type":"cond-expr","locations":[{"start":{"line":34,"column":6},"end":{"line":78,"column":12}},{"start":{"line":80,"column":6},"end":{"line":80,"column":14}}],"line":33},"2":{"loc":{"start":{"line":45,"column":17},"end":{"line":66,"column":17}},"type":"cond-expr","locations":[{"start":{"line":46,"column":18},"end":{"line":54,"column":27}},{"start":{"line":56,"column":18},"end":{"line":65,"column":22}}],"line":45},"3":{"loc":{"start":{"line":49,"column":22},"end":{"line":50,"column":53}},"type":"binary-expr","locations":[{"start":{"line":49,"column":22},"end":{"line":49,"column":48}},{"start":{"line":50,"column":22},"end":{"line":50,"column":53}}],"line":49}},"s":{"0":8,"1":8,"2":2,"3":2,"4":2,"5":1,"6":15,"7":15,"8":15,"9":15,"10":1,"11":1},"f":{"0":8,"1":2,"2":15,"3":1,"4":1},"b":{"0":[1,1],"1":[6,9],"2":[3,3],"3":[1,1]},"_coverageSchema":"43e27e138ebf9cfc5966b082cf9a028302ed4184","hash":"41b09cfd1bb9d0c7ec724922d375c9dbc1e61853"},"/home/travis/build/thibaudcolas/draftail-tables/src/demo/utils/DraftUtils.js":{"path":"/home/travis/build/thibaudcolas/draftail-tables/src/demo/utils/DraftUtils.js","statementMap":{"0":{"start":{"line":4,"column":21},"end":{"line":23,"column":1}},"1":{"start":{"line":5,"column":18},"end":{"line":5,"column":49}},"2":{"start":{"line":6,"column":20},"end":{"line":6,"column":46}},"3":{"start":{"line":8,"column":2},"end":{"line":10,"column":3}},"4":{"start":{"line":9,"column":4},"end":{"line":9,"column":52}},"5":{"start":{"line":12,"column":19},"end":{"line":12,"column":70}},"6":{"start":{"line":13,"column":19},"end":{"line":13,"column":49}},"7":{"start":{"line":14,"column":16},"end":{"line":14,"column":65}},"8":{"start":{"line":15,"column":2},"end":{"line":21,"column":4}},"9":{"start":{"line":22,"column":2},"end":{"line":22,"column":70}}},"fnMap":{"0":{"name":"(anonymous_0)","decl":{"start":{"line":4,"column":21},"end":{"line":4,"column":22}},"loc":{"start":{"line":4,"column":51},"end":{"line":23,"column":1}},"line":4}},"branchMap":{"0":{"loc":{"start":{"line":8,"column":2},"end":{"line":10,"column":3}},"type":"if","locations":[{"start":{"line":8,"column":2},"end":{"line":10,"column":3}},{"start":{"line":8,"column":2},"end":{"line":10,"column":3}}],"line":8}},"s":{"0":1,"1":2,"2":2,"3":2,"4":1,"5":1,"6":1,"7":1,"8":1,"9":1},"f":{"0":2},"b":{"0":[1,1]},"_coverageSchema":"43e27e138ebf9cfc5966b082cf9a028302ed4184","hash":"fe346322ab2a999e9157b8457b1fa5e612a42306"},"/home/travis/build/thibaudcolas/draftail-tables/src/demo/components/Highlight.js":{"path":"/home/travis/build/thibaudcolas/draftail-tables/src/demo/components/Highlight.js","statementMap":{"0":{"start":{"line":4,"column":15},"end":{"line":14,"column":1}},"1":{"start":{"line":5,"column":17},"end":{"line":5,"column":51}},"2":{"start":{"line":6,"column":2},"end":{"line":6,"column":23}},"3":{"start":{"line":9,"column":2},"end":{"line":9,"column":36}},"4":{"start":{"line":10,"column":2},"end":{"line":10,"column":18}},"5":{"start":{"line":11,"column":2},"end":{"line":11,"column":31}},"6":{"start":{"line":13,"column":2},"end":{"line":13,"column":36}},"7":{"start":{"line":16,"column":18},"end":{"line":26,"column":1}},"8":{"start":{"line":17,"column":2},"end":{"line":25,"column":8}}},"fnMap":{"0":{"name":"(anonymous_0)","decl":{"start":{"line":4,"column":15},"end":{"line":4,"column":16}},"loc":{"start":{"line":4,"column":34},"end":{"line":14,"column":1}},"line":4},"1":{"name":"(anonymous_1)","decl":{"start":{"line":16,"column":18},"end":{"line":16,"column":19}},"loc":{"start":{"line":17,"column":2},"end":{"line":25,"column":8}},"line":17}},"branchMap":{},"s":{"0":3,"1":1,"2":1,"3":1,"4":1,"5":1,"6":1,"7":3,"8":4},"f":{"0":1,"1":4},"b":{},"_coverageSchema":"43e27e138ebf9cfc5966b082cf9a028302ed4184","hash":"b372c9d026a0c3f757fee3b8b6989e71dda61dbb"},"/home/travis/build/thibaudcolas/draftail-tables/src/index.js":{"path":"/home/travis/build/thibaudcolas/draftail-tables/src/index.js","statementMap":{"0":{"start":{"line":19,"column":14},"end":{"line":19,"column":45}},"1":{"start":{"line":21,"column":0},"end":{"line":23,"column":1}},"2":{"start":{"line":22,"column":2},"end":{"line":22,"column":34}}},"fnMap":{},"branchMap":{"0":{"loc":{"start":{"line":21,"column":0},"end":{"line":23,"column":1}},"type":"if","locations":[{"start":{"line":21,"column":0},"end":{"line":23,"column":1}},{"start":{"line":21,"column":0},"end":{"line":23,"column":1}}],"line":21}},"s":{"0":1,"1":1,"2":1},"f":{},"b":{"0":[1,0]},"_coverageSchema":"43e27e138ebf9cfc5966b082cf9a028302ed4184","hash":"b4912d0294db14c5afee834c4c396c352b3c535c"},"/home/travis/build/thibaudcolas/draftail-tables/src/demo/components/App.js":{"path":"/home/travis/build/thibaudcolas/draftail-tables/src/demo/components/App.js","statementMap":{"0":{"start":{"line":8,"column":20},"end":{"line":96,"column":1}},"1":{"start":{"line":100,"column":4},"end":{"line":104,"column":6}}},"fnMap":{"0":{"name":"(anonymous_0)","decl":{"start":{"line":99,"column":2},"end":{"line":99,"column":3}},"loc":{"start":{"line":99,"column":11},"end":{"line":105,"column":3}},"line":99}},"branchMap":{},"s":{"0":2,"1":2},"f":{"0":2},"b":{},"_coverageSchema":"43e27e138ebf9cfc5966b082cf9a028302ed4184","hash":"9f71f750354093b01f2817481e5a43f8fb4ad1c6"},"/home/travis/build/thibaudcolas/draftail-tables/src/demo/components/DemoEditor.js":{"path":"/home/travis/build/thibaudcolas/draftail-tables/src/demo/components/DemoEditor.js","statementMap":{"0":{"start":{"line":30,"column":19},"end":{"line":62,"column":1}},"1":{"start":{"line":31,"column":23},"end":{"line":34,"column":3}},"2":{"start":{"line":32,"column":10},"end":{"line":32,"column":51}},"3":{"start":{"line":35,"column":23},"end":{"line":35,"column":62}},"4":{"start":{"line":35,"column":37},"end":{"line":35,"column":57}},"5":{"start":{"line":36,"column":40},"end":{"line":36,"column":62}},"6":{"start":{"line":37,"column":2},"end":{"line":61,"column":4}}},"fnMap":{"0":{"name":"(anonymous_0)","decl":{"start":{"line":30,"column":19},"end":{"line":30,"column":20}},"loc":{"start":{"line":30,"column":51},"end":{"line":62,"column":1}},"line":30},"1":{"name":"(anonymous_1)","decl":{"start":{"line":32,"column":4},"end":{"line":32,"column":5}},"loc":{"start":{"line":32,"column":10},"end":{"line":32,"column":51}},"line":32},"2":{"name":"(anonymous_2)","decl":{"start":{"line":35,"column":31},"end":{"line":35,"column":32}},"loc":{"start":{"line":35,"column":37},"end":{"line":35,"column":57}},"line":35}},"branchMap":{},"s":{"0":2,"1":2,"2":1,"3":2,"4":1,"5":2,"6":2},"f":{"0":2,"1":1,"2":1},"b":{},"_coverageSchema":"43e27e138ebf9cfc5966b082cf9a028302ed4184","hash":"039a930053e6c360b77e596d0c06cc126e42d9e8"},"/home/travis/build/thibaudcolas/draftail-tables/src/lib/index.js":{"path":"/home/travis/build/thibaudcolas/draftail-tables/src/lib/index.js","statementMap":{},"fnMap":{},"branchMap":{},"s":{},"f":{},"b":{},"_coverageSchema":"43e27e138ebf9cfc5966b082cf9a028302ed4184","hash":"9d252742dfcea6f73fe75b977dbc4666b3e2ffea"},"/home/travis/build/thibaudcolas/draftail-tables/src/lib/api/createTablesPlugin.js":{"path":"/home/travis/build/thibaudcolas/draftail-tables/src/lib/api/createTablesPlugin.js","statementMap":{"0":{"start":{"line":7,"column":23},"end":{"line":11,"column":2}},"1":{"start":{"line":13,"column":27},"end":{"line":17,"column":1}},"2":{"start":{"line":14,"column":2},"end":{"line":16,"column":4}}},"fnMap":{"0":{"name":"(anonymous_0)","decl":{"start":{"line":13,"column":27},"end":{"line":13,"column":28}},"loc":{"start":{"line":13,"column":33},"end":{"line":17,"column":1}},"line":13}},"branchMap":{},"s":{"0":3,"1":3,"2":1},"f":{"0":1},"b":{},"_coverageSchema":"43e27e138ebf9cfc5966b082cf9a028302ed4184","hash":"11382d2be2a18efd5bf1d0a0d68af1074701820b"},"/home/travis/build/thibaudcolas/draftail-tables/src/lib/components/TableWrapper.js":{"path":"/home/travis/build/thibaudcolas/draftail-tables/src/lib/components/TableWrapper.js","statementMap":{"0":{"start":{"line":9,"column":21},"end":{"line":49,"column":1}},"1":{"start":{"line":10,"column":17},"end":{"line":10,"column":19}},"2":{"start":{"line":11,"column":20},"end":{"line":11,"column":22}},"3":{"start":{"line":13,"column":2},"end":{"line":30,"column":5}},"4":{"start":{"line":14,"column":22},"end":{"line":14,"column":48}},"5":{"start":{"line":15,"column":4},"end":{"line":17,"column":5}},"6":{"start":{"line":16,"column":6},"end":{"line":16,"column":23}},"7":{"start":{"line":19,"column":19},"end":{"line":19,"column":41}},"8":{"start":{"line":20,"column":16},"end":{"line":20,"column":50}},"9":{"start":{"line":22,"column":4},"end":{"line":24,"column":5}},"10":{"start":{"line":23,"column":6},"end":{"line":23,"column":31}},"11":{"start":{"line":25,"column":4},"end":{"line":27,"column":5}},"12":{"start":{"line":26,"column":6},"end":{"line":26,"column":36}},"13":{"start":{"line":29,"column":4},"end":{"line":29,"column":45}},"14":{"start":{"line":32,"column":2},"end":{"line":48,"column":4}},"15":{"start":{"line":35,"column":8},"end":{"line":45,"column":14}},"16":{"start":{"line":37,"column":12},"end":{"line":43,"column":18}},"17":{"start":{"line":39,"column":16},"end":{"line":41,"column":22}}},"fnMap":{"0":{"name":"(anonymous_0)","decl":{"start":{"line":9,"column":21},"end":{"line":9,"column":22}},"loc":{"start":{"line":9,"column":46},"end":{"line":49,"column":1}},"line":9},"1":{"name":"(anonymous_1)","decl":{"start":{"line":13,"column":35},"end":{"line":13,"column":36}},"loc":{"start":{"line":13,"column":46},"end":{"line":30,"column":3}},"line":13},"2":{"name":"(anonymous_2)","decl":{"start":{"line":34,"column":18},"end":{"line":34,"column":19}},"loc":{"start":{"line":35,"column":8},"end":{"line":45,"column":14}},"line":35},"3":{"name":"(anonymous_3)","decl":{"start":{"line":36,"column":20},"end":{"line":36,"column":21}},"loc":{"start":{"line":37,"column":12},"end":{"line":43,"column":18}},"line":37},"4":{"name":"(anonymous_4)","decl":{"start":{"line":38,"column":23},"end":{"line":38,"column":24}},"loc":{"start":{"line":39,"column":16},"end":{"line":41,"column":22}},"line":39}},"branchMap":{"0":{"loc":{"start":{"line":15,"column":4},"end":{"line":17,"column":5}},"type":"if","locations":[{"start":{"line":15,"column":4},"end":{"line":17,"column":5}},{"start":{"line":15,"column":4},"end":{"line":17,"column":5}}],"line":15},"1":{"loc":{"start":{"line":22,"column":4},"end":{"line":24,"column":5}},"type":"if","locations":[{"start":{"line":22,"column":4},"end":{"line":24,"column":5}},{"start":{"line":22,"column":4},"end":{"line":24,"column":5}}],"line":22},"2":{"loc":{"start":{"line":25,"column":4},"end":{"line":27,"column":5}},"type":"if","locations":[{"start":{"line":25,"column":4},"end":{"line":27,"column":5}},{"start":{"line":25,"column":4},"end":{"line":27,"column":5}}],"line":25}},"s":{"0":3,"1":2,"2":2,"3":2,"4":12,"5":12,"6":2,"7":12,"8":12,"9":12,"10":2,"11":12,"12":6,"13":12,"14":2,"15":2,"16":6,"17":12},"f":{"0":2,"1":12,"2":2,"3":6,"4":12},"b":{"0":[2,10],"1":[2,10],"2":[6,6]},"_coverageSchema":"43e27e138ebf9cfc5966b082cf9a028302ed4184","hash":"582a3f3fc1c0e2e22eb840704335c5614ba88d5d"}}}